1600856768195	geckodriver	INFO	Listening on 127.0.0.1:60725
1600856769249	mozrunner::runner	INFO	Running command: "/usr/bin/firefox" "--marionette" "-foreground" "-no-remote" "-profile" "/tmp/rust_mozprofileFaeUAP"
console.error: SearchCache: "_readCacheFile: Error reading cache file:" (new Error("", "(unknown module)"))
1600856777775	Marionette	INFO	Listening on port 43851
1600856777836	Marionette	WARN	TLS certificate errors will be ignored for this session
1600856781839	Marionette	INFO	Stopped listening on port 43851
1600859112925	geckodriver	INFO	Listening on 127.0.0.1:36763
1600859112964	mozrunner::runner	INFO	Running command: "/usr/bin/firefox" "--marionette" "-foreground" "-no-remote" "-profile" "/tmp/rust_mozprofilevlqAGi"
console.error: SearchCache: "_readCacheFile: Error reading cache file:" (new Error("", "(unknown module)"))
1600859120475	Marionette	INFO	Listening on port 46249
1600859120526	Marionette	WARN	TLS certificate errors will be ignored for this session
1600859121577	Marionette	INFO	Stopped listening on port 46249
1600859305262	geckodriver	INFO	Listening on 127.0.0.1:51895
1600859305273	mozrunner::runner	INFO	Running command: "/usr/bin/firefox" "--marionette" "-foreground" "-no-remote" "-profile" "/tmp/rust_mozprofileJWI3dS"
console.error: SearchCache: "_readCacheFile: Error reading cache file:" (new Error("", "(unknown module)"))
1600859310977	Marionette	INFO	Listening on port 40749
1600859311049	Marionette	WARN	TLS certificate errors will be ignored for this session
1600859312226	Marionette	INFO	Stopped listening on port 40749
1600859556915	geckodriver	INFO	Listening on 127.0.0.1:47963
1600859556967	mozrunner::runner	INFO	Running command: "/usr/bin/firefox" "--marionette" "-foreground" "-no-remote" "-profile" "/tmp/rust_mozprofileIUw7Lb"
console.error: SearchCache: "_readCacheFile: Error reading cache file:" (new Error("", "(unknown module)"))
1600859564686	Marionette	INFO	Listening on port 40713
1600859564786	Marionette	WARN	TLS certificate errors will be ignored for this session
1600859590592	geckodriver	INFO	Listening on 127.0.0.1:60499
1600859590729	mozrunner::runner	INFO	Running command: "/usr/bin/firefox" "--marionette" "-foreground" "-no-remote" "-profile" "/tmp/rust_mozprofileG03vy7"
console.error: SearchCache: "_readCacheFile: Error reading cache file:" (new Error("", "(unknown module)"))
1600859603545	Marionette	INFO	Listening on port 42611
1600859603597	Marionette	WARN	TLS certificate errors will be ignored for this session
JavaScript error: file:///home/pk/dev/NSI/projects/bomberman/public/index.js, line 84: TypeError: bombcol is null
1600859636023	Marionette	INFO	Stopped listening on port 42611
1600859718105	geckodriver	INFO	Listening on 127.0.0.1:37315
1600859718177	mozrunner::runner	INFO	Running command: "/usr/bin/firefox" "--marionette" "-foreground" "-no-remote" "-profile" "/tmp/rust_mozprofilelrtLhY"
console.error: SearchCache: "_readCacheFile: Error reading cache file:" (new Error("", "(unknown module)"))
1600859729429	Marionette	INFO	Listening on port 44653
1600859729459	Marionette	WARN	TLS certificate errors will be ignored for this session
JavaScript error: file:///home/pk/dev/NSI/projects/bomberman/public/index.js, line 84: TypeError: bombcol is null
1600859732092	Marionette	INFO	Stopped listening on port 44653
1600861278369	geckodriver	INFO	Listening on 127.0.0.1:54427
1600861279402	mozrunner::runner	INFO	Running command: "/usr/bin/firefox" "--marionette" "-foreground" "-no-remote" "-profile" "/tmp/rust_mozprofile2dYHeP"
[Parent 11502, Gecko_IOThread] WARNING: FileDescriptorSet destroyed with unconsumed descriptors: file /build/firefox-jw5aie/firefox-80.0.1+build1/ipc/chromium/src/chrome/common/file_descriptor_set_posix.cc, line 19
1600861321117	geckodriver	INFO	Listening on 127.0.0.1:37661
1600861322114	mozrunner::runner	INFO	Running command: "/usr/bin/firefox" "--marionette" "-foreground" "-no-remote" "-profile" "/tmp/rust_mozprofile8CZQ4r"
console.error: SearchCache: "_readCacheFile: Error reading cache file:" (new Error("", "(unknown module)"))
1600861344962	Marionette	INFO	Listening on port 44341
1600861345276	Marionette	WARN	TLS certificate errors will be ignored for this session
1600861359625	Marionette	INFO	Stopped listening on port 44341
1600862069244	geckodriver	INFO	Listening on 127.0.0.1:57651
1600862070391	mozrunner::runner	INFO	Running command: "/usr/bin/firefox" "--marionette" "-foreground" "-no-remote" "-profile" "/tmp/rust_mozprofilevREc1C"
console.error: SearchCache: "_readCacheFile: Error reading cache file:" (new Error("", "(unknown module)"))
Exiting due to channel error.
Exiting due to channel error.
1600862270356	Marionette	INFO	Stopped listening on port 40713
1600862431053	geckodriver	INFO	Listening on 127.0.0.1:57853
1600862431123	mozrunner::runner	INFO	Running command: "/usr/bin/firefox" "--marionette" "-foreground" "-no-remote" "-profile" "/tmp/rust_mozprofile0LDiRr"
console.error: SearchCache: "_readCacheFile: Error reading cache file:" (new Error("", "(unknown module)"))
1600862441194	Marionette	INFO	Listening on port 40695
1600862441243	Marionette	WARN	TLS certificate errors will be ignored for this session
1600862453770	Marionette	INFO	Stopped listening on port 40695
1600862549113	geckodriver	INFO	Listening on 127.0.0.1:60985
1600862549129	mozrunner::runner	INFO	Running command: "/usr/bin/firefox" "--marionette" "-foreground" "-no-remote" "-profile" "/tmp/rust_mozprofileDlXaCw"
console.error: SearchCache: "_readCacheFile: Error reading cache file:" (new Error("", "(unknown module)"))
1600862554697	Marionette	INFO	Listening on port 45937
1600862554796	Marionette	WARN	TLS certificate errors will be ignored for this session
1600862598990	Marionette	INFO	Stopped listening on port 45937
1600862600139	geckodriver	INFO	Listening on 127.0.0.1:38089
1600862600152	mozrunner::runner	INFO	Running command: "/usr/bin/firefox" "--marionette" "-foreground" "-no-remote" "-profile" "/tmp/rust_mozprofileu6mUuz"
console.error: SearchCache: "_readCacheFile: Error reading cache file:" (new Error("", "(unknown module)"))
1600862605429	Marionette	INFO	Listening on port 37953
1600862605530	Marionette	WARN	TLS certificate errors will be ignored for this session
1600862608646	Marionette	INFO	Stopped listening on port 37953
1600863542944	geckodriver	INFO	Listening on 127.0.0.1:41083
1600863542996	mozrunner::runner	INFO	Running command: "/usr/bin/firefox" "--marionette" "-foreground" "-no-remote" "-profile" "/tmp/rust_mozprofiletIK7yM"
console.error: SearchCache: "_readCacheFile: Error reading cache file:" (new Error("", "(unknown module)"))
1600863550980	Marionette	INFO	Listening on port 44833
1600863551012	Marionette	WARN	TLS certificate errors will be ignored for this session
console.error: Region.jsm: "Error fetching region" (new AbortError("The operation was aborted. ", (void 0), 689))
console.error: Region.jsm: "Failed to fetch region" (new Error("NO_RESULT", "resource://gre/modules/Region.jsm", 343))
JavaScript error: , line 0: AbortError: A request was aborted, for example through a call to IDBTransaction.abort.
1600863574296	Marionette	INFO	Stopped listening on port 44833
1600863580114	geckodriver	INFO	Listening on 127.0.0.1:33787
1600863580133	mozrunner::runner	INFO	Running command: "/usr/bin/firefox" "--marionette" "-foreground" "-no-remote" "-profile" "/tmp/rust_mozprofileL4Php1"
console.error: SearchCache: "_readCacheFile: Error reading cache file:" (new Error("", "(unknown module)"))
1600863589789	Marionette	INFO	Listening on port 45085
1600863589836	Marionette	WARN	TLS certificate errors will be ignored for this session
1600863593836	Marionette	INFO	Stopped listening on port 45085
1600863659002	geckodriver	INFO	Listening on 127.0.0.1:48431
1600863659017	mozrunner::runner	INFO	Running command: "/usr/bin/firefox" "--marionette" "-foreground" "-no-remote" "-profile" "/tmp/rust_mozprofileNIly50"
console.error: SearchCache: "_readCacheFile: Error reading cache file:" (new Error("", "(unknown module)"))
1600863667362	Marionette	INFO	Listening on port 42981
1600863667443	Marionette	WARN	TLS certificate errors will be ignored for this session
1600863670740	Marionette	INFO	Stopped listening on port 42981
1600863729839	geckodriver	INFO	Listening on 127.0.0.1:37699
1600863729860	mozrunner::runner	INFO	Running command: "/usr/bin/firefox" "--marionette" "-foreground" "-no-remote" "-profile" "/tmp/rust_mozprofileALhwlx"
console.error: SearchCache: "_readCacheFile: Error reading cache file:" (new Error("", "(unknown module)"))
1600863738729	Marionette	INFO	Listening on port 35977
1600863738816	Marionette	WARN	TLS certificate errors will be ignored for this session
1600863741954	Marionette	INFO	Stopped listening on port 35977
1600863797468	geckodriver	INFO	Listening on 127.0.0.1:41693
1600863797480	mozrunner::runner	INFO	Running command: "/usr/bin/firefox" "--marionette" "-foreground" "-no-remote" "-profile" "/tmp/rust_mozprofileZho8Rh"
console.error: SearchCache: "_readCacheFile: Error reading cache file:" (new Error("", "(unknown module)"))
1600863802132	Marionette	INFO	Listening on port 44701
1600863802166	Marionette	WARN	TLS certificate errors will be ignored for this session
1600863805092	Marionette	INFO	Stopped listening on port 44701
1600863845271	geckodriver	INFO	Listening on 127.0.0.1:58467
1600863845285	mozrunner::runner	INFO	Running command: "/usr/bin/firefox" "--marionette" "-foreground" "-no-remote" "-profile" "/tmp/rust_mozprofileGB7zNm"
console.error: SearchCache: "_readCacheFile: Error reading cache file:" (new Error("", "(unknown module)"))
1600863850439	Marionette	INFO	Listening on port 43509
1600863850545	Marionette	WARN	TLS certificate errors will be ignored for this session
1600863853283	Marionette	INFO	Stopped listening on port 43509
1600863881347	geckodriver	INFO	Listening on 127.0.0.1:58659
1600863881366	mozrunner::runner	INFO	Running command: "/usr/bin/firefox" "--marionette" "-foreground" "-no-remote" "-profile" "/tmp/rust_mozprofileog9YZc"
console.error: SearchCache: "_readCacheFile: Error reading cache file:" (new Error("", "(unknown module)"))
1600863886183	Marionette	INFO	Listening on port 34621
1600863886226	Marionette	WARN	TLS certificate errors will be ignored for this session
1600863888738	Marionette	INFO	Stopped listening on port 34621
1600863949979	geckodriver	INFO	Listening on 127.0.0.1:53097
1600863949997	mozrunner::runner	INFO	Running command: "/usr/bin/firefox" "--marionette" "-foreground" "-no-remote" "-profile" "/tmp/rust_mozprofileA8JLOx"
console.error: SearchCache: "_readCacheFile: Error reading cache file:" (new Error("", "(unknown module)"))
1600863955147	Marionette	INFO	Listening on port 34433
1600863955260	Marionette	WARN	TLS certificate errors will be ignored for this session
1600863958216	Marionette	INFO	Stopped listening on port 34433
1600863959439	geckodriver	INFO	Listening on 127.0.0.1:47135
1600863959449	mozrunner::runner	INFO	Running command: "/usr/bin/firefox" "--marionette" "-foreground" "-no-remote" "-profile" "/tmp/rust_mozprofile690VjI"
console.error: SearchCache: "_readCacheFile: Error reading cache file:" (new Error("", "(unknown module)"))
1600863964295	Marionette	INFO	Listening on port 40581
1600863964393	Marionette	WARN	TLS certificate errors will be ignored for this session
1600863967632	Marionette	INFO	Stopped listening on port 40581
1600864096375	geckodriver	INFO	Listening on 127.0.0.1:60523
1600864096389	mozrunner::runner	INFO	Running command: "/usr/bin/firefox" "--marionette" "-foreground" "-no-remote" "-profile" "/tmp/rust_mozprofileHgcKlT"
console.error: SearchCache: "_readCacheFile: Error reading cache file:" (new Error("", "(unknown module)"))
1600864101775	Marionette	INFO	Listening on port 36313
1600864101876	Marionette	WARN	TLS certificate errors will be ignored for this session
1600864104811	Marionette	INFO	Stopped listening on port 36313
1600864149071	geckodriver	INFO	Listening on 127.0.0.1:46329
1600864149085	mozrunner::runner	INFO	Running command: "/usr/bin/firefox" "--marionette" "-foreground" "-no-remote" "-profile" "/tmp/rust_mozprofileyg1RUF"
console.error: SearchCache: "_readCacheFile: Error reading cache file:" (new Error("", "(unknown module)"))
1600864154623	Marionette	INFO	Listening on port 40709
1600864154658	Marionette	WARN	TLS certificate errors will be ignored for this session
1600864157921	Marionette	INFO	Stopped listening on port 40709
1600864180890	geckodriver	INFO	Listening on 127.0.0.1:43079
1600864180904	mozrunner::runner	INFO	Running command: "/usr/bin/firefox" "--marionette" "-foreground" "-no-remote" "-profile" "/tmp/rust_mozprofiletptqzL"
console.error: SearchCache: "_readCacheFile: Error reading cache file:" (new Error("", "(unknown module)"))
1600864186959	Marionette	INFO	Listening on port 44535
1600864186974	Marionette	WARN	TLS certificate errors will be ignored for this session
1600864189817	Marionette	INFO	Stopped listening on port 44535
1600864216764	geckodriver	INFO	Listening on 127.0.0.1:38521
1600864216773	mozrunner::runner	INFO	Running command: "/usr/bin/firefox" "--marionette" "-foreground" "-no-remote" "-profile" "/tmp/rust_mozprofileEwnXhs"
console.error: SearchCache: "_readCacheFile: Error reading cache file:" (new Error("", "(unknown module)"))
1600864221101	Marionette	INFO	Listening on port 40765
1600864221203	Marionette	WARN	TLS certificate errors will be ignored for this session
1600864224276	Marionette	INFO	Stopped listening on port 40765
1600864346988	geckodriver	INFO	Listening on 127.0.0.1:44277
1600864347005	mozrunner::runner	INFO	Running command: "/usr/bin/firefox" "--marionette" "-foreground" "-no-remote" "-profile" "/tmp/rust_mozprofileypGPFf"
console.error: SearchCache: "_readCacheFile: Error reading cache file:" (new Error("", "(unknown module)"))
1600864352973	Marionette	INFO	Listening on port 43355
1600864353068	Marionette	WARN	TLS certificate errors will be ignored for this session
1600864356204	Marionette	INFO	Stopped listening on port 43355
1600864555495	geckodriver	INFO	Listening on 127.0.0.1:52709
1600864555509	mozrunner::runner	INFO	Running command: "/usr/bin/firefox" "--marionette" "-foreground" "-no-remote" "-profile" "/tmp/rust_mozprofilejUiUWH"
console.error: SearchCache: "_readCacheFile: Error reading cache file:" (new Error("", "(unknown module)"))
1600864562367	Marionette	INFO	Listening on port 40795
1600864562410	Marionette	WARN	TLS certificate errors will be ignored for this session
1600864565810	Marionette	INFO	Stopped listening on port 40795
1600864601228	geckodriver	INFO	Listening on 127.0.0.1:36731
1600864601245	mozrunner::runner	INFO	Running command: "/usr/bin/firefox" "--marionette" "-foreground" "-no-remote" "-profile" "/tmp/rust_mozprofileLFjbWQ"
console.error: SearchCache: "_readCacheFile: Error reading cache file:" (new Error("", "(unknown module)"))
1600864608200	Marionette	INFO	Listening on port 46505
1600864608212	Marionette	WARN	TLS certificate errors will be ignored for this session
1600864611400	Marionette	INFO	Stopped listening on port 46505
1600865348505	geckodriver	INFO	Listening on 127.0.0.1:34931
1600865348514	mozrunner::runner	INFO	Running command: "/usr/bin/firefox" "--marionette" "-foreground" "-no-remote" "-profile" "/tmp/rust_mozprofileNTh551"
console.error: SearchCache: "_readCacheFile: Error reading cache file:" (new Error("", "(unknown module)"))
1600865354114	Marionette	INFO	Listening on port 40885
1600865354189	Marionette	WARN	TLS certificate errors will be ignored for this session
1600865357009	Marionette	INFO	Stopped listening on port 40885
1600865384705	geckodriver	INFO	Listening on 127.0.0.1:35061
1600865384712	mozrunner::runner	INFO	Running command: "/usr/bin/firefox" "--marionette" "-foreground" "-no-remote" "-profile" "/tmp/rust_mozprofileRgBk7f"
console.error: SearchCache: "_readCacheFile: Error reading cache file:" (new Error("", "(unknown module)"))
1600865390413	Marionette	INFO	Listening on port 41749
1600865390462	Marionette	WARN	TLS certificate errors will be ignored for this session
1600865393505	Marionette	INFO	Stopped listening on port 41749
1600865570323	geckodriver	INFO	Listening on 127.0.0.1:37533
1600865570335	mozrunner::runner	INFO	Running command: "/usr/bin/firefox" "--marionette" "-foreground" "-no-remote" "-profile" "/tmp/rust_mozprofileFQz8tk"
console.error: SearchCache: "_readCacheFile: Error reading cache file:" (new Error("", "(unknown module)"))
1600865575951	Marionette	INFO	Listening on port 34081
1600865576018	Marionette	WARN	TLS certificate errors will be ignored for this session
1600865579122	Marionette	INFO	Stopped listening on port 34081
1600865617969	geckodriver	INFO	Listening on 127.0.0.1:33923
1600865617992	mozrunner::runner	INFO	Running command: "/usr/bin/firefox" "--marionette" "-foreground" "-no-remote" "-profile" "/tmp/rust_mozprofilea6drdS"
console.error: SearchCache: "_readCacheFile: Error reading cache file:" (new Error("", "(unknown module)"))
1600865624546	Marionette	INFO	Listening on port 46755
1600865624579	Marionette	WARN	TLS certificate errors will be ignored for this session
1600865627322	Marionette	INFO	Stopped listening on port 46755
console.error: Region.jsm: "Error fetching region" (new TypeError("NetworkError when attempting to fetch resource.", ""))
console.error: Region.jsm: "Failed to fetch region" (new Error("NO_RESULT", "resource://gre/modules/Region.jsm", 343))
1600865630787	geckodriver	INFO	Listening on 127.0.0.1:38733
1600865630800	mozrunner::runner	INFO	Running command: "/usr/bin/firefox" "--marionette" "-foreground" "-no-remote" "-profile" "/tmp/rust_mozprofilex34tFN"
console.error: SearchCache: "_readCacheFile: Error reading cache file:" (new Error("", "(unknown module)"))
1600865636289	Marionette	INFO	Listening on port 46677
1600865636354	Marionette	WARN	TLS certificate errors will be ignored for this session
console.error: Region.jsm: "Error fetching region" (new AbortError("The operation was aborted. ", (void 0), 689))
console.error: Region.jsm: "Failed to fetch region" (new Error("NO_RESULT", "resource://gre/modules/Region.jsm", 343))
1600865639163	Marionette	INFO	Stopped listening on port 46677
1600865685614	geckodriver	INFO	Listening on 127.0.0.1:59949
1600865685627	mozrunner::runner	INFO	Running command: "/usr/bin/firefox" "--marionette" "-foreground" "-no-remote" "-profile" "/tmp/rust_mozprofileu8i2d0"
console.error: SearchCache: "_readCacheFile: Error reading cache file:" (new Error("", "(unknown module)"))
1600865693212	Marionette	INFO	Listening on port 40275
1600865693250	Marionette	WARN	TLS certificate errors will be ignored for this session
1600865696426	Marionette	INFO	Stopped listening on port 40275
1600865716465	geckodriver	INFO	Listening on 127.0.0.1:49249
1600865716482	mozrunner::runner	INFO	Running command: "/usr/bin/firefox" "--marionette" "-foreground" "-no-remote" "-profile" "/tmp/rust_mozprofiledMmN0V"
console.error: SearchCache: "_readCacheFile: Error reading cache file:" (new Error("", "(unknown module)"))
1600865723468	Marionette	INFO	Listening on port 38627
1600865723556	Marionette	WARN	TLS certificate errors will be ignored for this session
1600865726703	Marionette	INFO	Stopped listening on port 38627
